<?xml version="1.0" encoding="UTF-8"?>
<testsuite name="com.automationpractice.tests.LoginTests" tests="4" skipped="0" failures="0" errors="0" timestamp="2018-06-08T21:48:48" hostname="Latitude" time="3.271">
  <properties/>
  <testcase name="testLoginWithExistedAccount" classname="com.automationpractice.tests.LoginTests" time="1.491"/>
  <testcase name="testLoginWithIlligalPassword" classname="com.automationpractice.tests.LoginTests" time="0.7"/>
  <testcase name="testLoginWithNoEmail" classname="com.automationpractice.tests.LoginTests" time="0.541"/>
  <testcase name="testLoginWithNoPassword" classname="com.automationpractice.tests.LoginTests" time="0.537"/>
  <system-out><![CDATA[]]></system-out>
  <system-err><![CDATA[]]></system-err>
</testsuite>
