<?xml version="1.0" encoding="UTF-8"?>
<testsuite name="com.automationpractice.tests.LoginTests" tests="4" skipped="0" failures="0" errors="0" timestamp="2018-06-08T21:51:55" hostname="Latitude" time="3.357">
  <properties/>
  <testcase name="testLoginWithExistedAccount" classname="com.automationpractice.tests.LoginTests" time="1.434"/>
  <testcase name="testLoginWithIlligalPassword" classname="com.automationpractice.tests.LoginTests" time="0.721"/>
  <testcase name="testLoginWithNoEmail" classname="com.automationpractice.tests.LoginTests" time="0.582"/>
  <testcase name="testLoginWithNoPassword" classname="com.automationpractice.tests.LoginTests" time="0.618"/>
  <system-out><![CDATA[]]></system-out>
  <system-err><![CDATA[]]></system-err>
</testsuite>
