<?xml version="1.0" encoding="UTF-8"?>
<testsuite name="com.automationpractice.tests.RegistrationTests" tests="1" skipped="0" failures="0" errors="0" timestamp="2018-06-25T04:26:19" hostname="Latitude" time="14.458">
  <properties/>
  <testcase name="testRegistrationUsingUI" classname="com.automationpractice.tests.RegistrationTests" time="14.458"/>
  <system-out><![CDATA[]]></system-out>
  <system-err><![CDATA[Jun 24, 2018 9:26:24 PM org.openqa.selenium.remote.ProtocolHandshake createSession
INFO: Detected dialect: OSS
]]></system-err>
</testsuite>
