<?xml version="1.0" encoding="UTF-8"?>
<testsuite name="com.automationpractice.tests.LoginTests" tests="4" skipped="0" failures="0" errors="0" timestamp="2018-06-24T05:50:49" hostname="Latitude" time="3.191">
  <properties/>
  <testcase name="testLoginWithExistedAccount" classname="com.automationpractice.tests.LoginTests" time="1.527"/>
  <testcase name="testLoginWithIlligalPassword" classname="com.automationpractice.tests.LoginTests" time="0.556"/>
  <testcase name="testLoginWithNoEmail" classname="com.automationpractice.tests.LoginTests" time="0.575"/>
  <testcase name="testLoginWithNoPassword" classname="com.automationpractice.tests.LoginTests" time="0.531"/>
  <system-out><![CDATA[]]></system-out>
  <system-err><![CDATA[]]></system-err>
</testsuite>
