<?xml version="1.0" encoding="UTF-8"?>
<testsuite name="com.automationpractice.tests.RegistrationTests" tests="4" skipped="0" failures="0" errors="0" timestamp="2018-07-03T07:24:04" hostname="Latitude" time="22.137">
  <properties/>
  <testcase name="testRegistrationAPI" classname="com.automationpractice.tests.RegistrationTests" time="2.595"/>
  <testcase name="testRegistrationGUI" classname="com.automationpractice.tests.RegistrationTests" time="18.22"/>
  <testcase name="testRegistrationWithCredsAPI" classname="com.automationpractice.tests.RegistrationTests" time="0.862"/>
  <testcase name="testRegistrationWithNoCredsAPI" classname="com.automationpractice.tests.RegistrationTests" time="0.455"/>
  <system-out><![CDATA[]]></system-out>
  <system-err><![CDATA[Jul 03, 2018 12:24:11 AM org.openqa.selenium.remote.ProtocolHandshake createSession
INFO: Detected dialect: OSS
]]></system-err>
</testsuite>
