<?xml version="1.0" encoding="UTF-8"?>
<testsuite name="com.automationpractice.tests.RegistrationTests" tests="4" skipped="0" failures="0" errors="0" timestamp="2018-07-02T06:28:42" hostname="Latitude" time="22.262">
  <properties/>
  <testcase name="testRegistrationAPI" classname="com.automationpractice.tests.RegistrationTests" time="3.622"/>
  <testcase name="testRegistrationGUI" classname="com.automationpractice.tests.RegistrationTests" time="17.677"/>
  <testcase name="testRegistrationWithExistedCredsAPI" classname="com.automationpractice.tests.RegistrationTests" time="0.541"/>
  <testcase name="testRegistrationWithNotExistedCredsAPI" classname="com.automationpractice.tests.RegistrationTests" time="0.417"/>
  <system-out><![CDATA[]]></system-out>
  <system-err><![CDATA[Jul 01, 2018 11:28:50 PM org.openqa.selenium.remote.ProtocolHandshake createSession
INFO: Detected dialect: OSS
]]></system-err>
</testsuite>
