<?xml version="1.0" encoding="UTF-8"?>
<testsuite name="com.automationpractice.tests.CartTests" tests="1" skipped="0" failures="0" errors="0" timestamp="2018-06-24T05:50:44" hostname="Latitude" time="4.532">
  <properties/>
  <testcase name="testAddProductToCart" classname="com.automationpractice.tests.CartTests" time="4.532"/>
  <system-out><![CDATA[]]></system-out>
  <system-err><![CDATA[]]></system-err>
</testsuite>
