<?xml version="1.0" encoding="UTF-8"?>
<testsuite name="com.automationpractice.tests.RegistrationTests" tests="4" skipped="0" failures="1" errors="0" timestamp="2018-07-01T04:59:05" hostname="Latitude" time="22.579">
  <properties/>
  <testcase name="testRegistration" classname="com.automationpractice.tests.RegistrationTests" time="1.847"/>
  <testcase name="testRegistrationUsingUI" classname="com.automationpractice.tests.RegistrationTests" time="18.736">
    <failure message="java.lang.AssertionError: expected [true] but found [false]" type="java.lang.AssertionError">java.lang.AssertionError: expected [true] but found [false]
	at org.testng.Assert.fail(Assert.java:96)
	at org.testng.Assert.failNotEquals(Assert.java:776)
	at org.testng.Assert.assertTrue(Assert.java:44)
	at org.testng.Assert.assertTrue(Assert.java:54)
	at com.automationpractice.tests.RegistrationTests.testRegistrationUsingUI(RegistrationTests.java:76)
	at sun.reflect.NativeMethodAccessorImpl.invoke0(Native Method)
	at sun.reflect.NativeMethodAccessorImpl.invoke(NativeMethodAccessorImpl.java:62)
	at sun.reflect.DelegatingMethodAccessorImpl.invoke(DelegatingMethodAccessorImpl.java:43)
	at java.lang.reflect.Method.invoke(Method.java:498)
	at org.testng.internal.MethodInvocationHelper.invokeMethod(MethodInvocationHelper.java:124)
	at org.testng.internal.Invoker.invokeMethod(Invoker.java:580)
	at org.testng.internal.Invoker.invokeTestMethod(Invoker.java:716)
	at org.testng.internal.Invoker.invokeTestMethods(Invoker.java:988)
	at org.testng.internal.TestMethodWorker.invokeTestMethods(TestMethodWorker.java:125)
	at org.testng.internal.TestMethodWorker.run(TestMethodWorker.java:109)
	at java.util.concurrent.ThreadPoolExecutor.runWorker(ThreadPoolExecutor.java:1149)
	at java.util.concurrent.ThreadPoolExecutor$Worker.run(ThreadPoolExecutor.java:624)
	at java.lang.Thread.run(Thread.java:748)
</failure>
  </testcase>
  <testcase name="testRegistrationWithExistedCredsAPI" classname="com.automationpractice.tests.RegistrationTests" time="0.518"/>
  <testcase name="testRegistrationWithNotExistedCredsAPI" classname="com.automationpractice.tests.RegistrationTests" time="0.412"/>
  <system-out><![CDATA[]]></system-out>
  <system-err><![CDATA[Jun 30, 2018 9:59:11 PM org.openqa.selenium.remote.ProtocolHandshake createSession
INFO: Detected dialect: OSS
]]></system-err>
</testsuite>
