<?xml version="1.0" encoding="UTF-8"?>
<!-- Generated by org.testng.reporters.JUnitReportReporter -->
<testsuite skipped="0" hostname="Latitude" name="com.automationpractice.tests.LoginTests" tests="1" failures="0" timestamp="02 Mar 2018 06:48:50 GMT" time="2.242" errors="0">
  <testcase name="testLogin" time="2.242" classname="com.automationpractice.tests.LoginTests"/>
</testsuite> <!-- com.automationpractice.tests.LoginTests -->
