<?xml version="1.0" encoding="UTF-8"?>
<!-- Generated by org.testng.reporters.JUnitReportReporter -->
<testsuite skipped="0" hostname="Latitude" name="com.automationpractice.tests.RegistrationTests" tests="3" failures="0" timestamp="03 Jun 2018 22:18:22 GMT" time="59.338" errors="0">
  <testcase name="testRegistration" time="58.262" classname="com.automationpractice.tests.RegistrationTests"/>
  <testcase name="testRegistrationWithNotExistedCredsAPI" time="0.502" classname="com.automationpractice.tests.RegistrationTests"/>
  <testcase name="testRegistrationWithExistedCredsAPI" time="0.574" classname="com.automationpractice.tests.RegistrationTests"/>
</testsuite> <!-- com.automationpractice.tests.RegistrationTests -->
