<?xml version="1.0" encoding="UTF-8"?>
<!-- Generated by org.testng.reporters.JUnitReportReporter -->
<testsuite skipped="0" hostname="Latitude" name="com.automationpractice.tests.RegistrationTests" tests="3" failures="0" timestamp="03 Jun 2018 06:11:19 GMT" time="3.922" errors="0">
  <testcase name="testRegistration" time="2.943" classname="com.automationpractice.tests.RegistrationTests"/>
  <testcase name="testRegistrationWithNotExistedCredsAPI" time="0.448" classname="com.automationpractice.tests.RegistrationTests"/>
  <testcase name="testRegistrationWithExistedCredsAPI" time="0.531" classname="com.automationpractice.tests.RegistrationTests"/>
</testsuite> <!-- com.automationpractice.tests.RegistrationTests -->
