<?xml version="1.0" encoding="UTF-8"?>
<!-- Generated by org.testng.reporters.JUnitReportReporter -->
<testsuite skipped="0" hostname="Latitude" name="com.automationpractice.tests.RegistrationTests" tests="1" failures="0" timestamp="05 Mar 2018 07:47:42 GMT" time="2.463" errors="0">
  <testcase name="testRegistration" time="2.463" classname="com.automationpractice.tests.RegistrationTests"/>
</testsuite> <!-- com.automationpractice.tests.RegistrationTests -->
