<?xml version="1.0" encoding="UTF-8"?>
<!-- Generated by org.testng.reporters.JUnitReportReporter -->
<testsuite skipped="0" hostname="Latitude" name="com.automationpractice.tests.RegistrationTests" tests="4" failures="0" timestamp="24 Jun 2018 05:31:13 GMT" time="22.120" errors="0">
  <testcase name="testRegistration" time="3.842" classname="com.automationpractice.tests.RegistrationTests"/>
  <testcase name="testRegistrationWithExistedCredsAPI" time="0.528" classname="com.automationpractice.tests.RegistrationTests"/>
  <testcase name="testRegistrationUsingUI" time="17.297" classname="com.automationpractice.tests.RegistrationTests"/>
  <testcase name="testRegistrationWithNotExistedCredsAPI" time="0.453" classname="com.automationpractice.tests.RegistrationTests"/>
</testsuite> <!-- com.automationpractice.tests.RegistrationTests -->
