<?xml version="1.0" encoding="UTF-8"?>
<!-- Generated by org.testng.reporters.JUnitReportReporter -->
<testsuite skipped="0" hostname="Latitude" name="com.automationpractice.tests.RegistrationTests" tests="4" failures="0" timestamp="24 Jun 2018 21:17:27 GMT" time="19.769" errors="0">
  <testcase name="testRegistration" time="3.457" classname="com.automationpractice.tests.RegistrationTests"/>
  <testcase name="testRegistrationWithExistedCredsAPI" time="0.517" classname="com.automationpractice.tests.RegistrationTests"/>
  <testcase name="testRegistrationUsingUI" time="15.360" classname="com.automationpractice.tests.RegistrationTests"/>
  <testcase name="testRegistrationWithNotExistedCredsAPI" time="0.435" classname="com.automationpractice.tests.RegistrationTests"/>
</testsuite> <!-- com.automationpractice.tests.RegistrationTests -->
