<?xml version="1.0" encoding="UTF-8"?>
<!-- Generated by org.testng.reporters.JUnitReportReporter -->
<testsuite skipped="0" hostname="Latitude" name="com.automationpractice.tests.LoginTests" tests="4" failures="0" timestamp="03 Jun 2018 21:53:41 GMT" time="11.543" errors="0">
  <testcase name="testLoginWithNoPassword" time="5.484" classname="com.automationpractice.tests.LoginTests"/>
  <testcase name="testLoginWithNoEmail" time="0.938" classname="com.automationpractice.tests.LoginTests"/>
  <testcase name="testLoginWithExistedAccount" time="3.405" classname="com.automationpractice.tests.LoginTests"/>
  <testcase name="testLoginWithIlligalPassword" time="1.716" classname="com.automationpractice.tests.LoginTests"/>
</testsuite> <!-- com.automationpractice.tests.LoginTests -->
