<?xml version="1.0" encoding="UTF-8"?>
<!-- Generated by org.testng.reporters.JUnitReportReporter -->
<testsuite skipped="0" hostname="Latitude" name="com.automationpractice.tests.LoginTests" tests="1" failures="0" timestamp="01 Jun 2018 23:49:55 GMT" time="2.971" errors="0">
  <testcase name="testLogin" time="2.971" classname="com.automationpractice.tests.LoginTests"/>
</testsuite> <!-- com.automationpractice.tests.LoginTests -->
