<?xml version="1.0" encoding="UTF-8"?>
<!-- Generated by org.testng.reporters.JUnitReportReporter -->
<testsuite skipped="0" hostname="Latitude" name="com.automationpractice.tests.LoginTests" tests="4" failures="0" timestamp="01 Jul 2018 03:24:57 GMT" time="4.723" errors="0">
  <testcase name="testLoginWithIlligalPassword" time="0.745" classname="com.automationpractice.tests.LoginTests"/>
  <testcase name="testLoginWithNoEmail" time="0.667" classname="com.automationpractice.tests.LoginTests"/>
  <testcase name="testLoginWithExistedAccount" time="2.757" classname="com.automationpractice.tests.LoginTests"/>
  <testcase name="testLoginWithNoPassword" time="0.554" classname="com.automationpractice.tests.LoginTests"/>
</testsuite> <!-- com.automationpractice.tests.LoginTests -->
