<?xml version="1.0" encoding="UTF-8"?>
<!-- Generated by org.testng.reporters.JUnitReportReporter -->
<testsuite skipped="0" hostname="Latitude" name="com.automationpractice.tests.RegistrationTests" tests="4" failures="0" timestamp="23 Jun 2018 01:04:31 GMT" time="24.041" errors="0">
  <testcase name="testRegistration" time="4.970" classname="com.automationpractice.tests.RegistrationTests"/>
  <testcase name="testRegistrationWithExistedCredsAPI" time="0.539" classname="com.automationpractice.tests.RegistrationTests"/>
  <testcase name="testRegistrationUsingUI" time="18.103" classname="com.automationpractice.tests.RegistrationTests"/>
  <testcase name="testRegistrationWithNotExistedCredsAPI" time="0.429" classname="com.automationpractice.tests.RegistrationTests"/>
</testsuite> <!-- com.automationpractice.tests.RegistrationTests -->
